[32minfo[39m: ::1 - - [21/Oct/2023:23:11:47 +0000] "POST /api/users HTTP/1.1" 404 149 "-" "PostmanRuntime/7.33.0"

[32minfo[39m: ::1 - - [21/Oct/2023:23:13:04 +0000] "POST /api/users/register HTTP/1.1" 500 33 "-" "PostmanRuntime/7.33.0"

[32minfo[39m: ::1 - - [21/Oct/2023:23:17:42 +0000] "POST /api/users/register HTTP/1.1" 500 33 "-" "PostmanRuntime/7.33.0"

[32minfo[39m: ::1 - - [21/Oct/2023:23:18:42 +0000] "POST /api/users/register HTTP/1.1" 500 33 "-" "PostmanRuntime/7.33.0"

[32minfo[39m: ::1 - - [21/Oct/2023:23:19:14 +0000] "POST /api/users/register HTTP/1.1" 500 33 "-" "PostmanRuntime/7.33.0"

[32minfo[39m: ::1 - - [21/Oct/2023:23:19:37 +0000] "POST /api/users/register HTTP/1.1" 500 33 "-" "PostmanRuntime/7.33.0"

[32minfo[39m: ::1 - - [21/Oct/2023:23:20:20 +0000] "POST /api/users/register HTTP/1.1" 500 33 "-" "PostmanRuntime/7.33.0"

[32minfo[39m: ::1 - - [21/Oct/2023:23:22:28 +0000] "POST /api/users/register HTTP/1.1" 500 33 "-" "PostmanRuntime/7.33.0"

[32minfo[39m: ::1 - - [21/Oct/2023:23:24:04 +0000] "POST /api/users/register HTTP/1.1" 500 33 "-" "PostmanRuntime/7.33.0"

[32minfo[39m: ::1 - - [21/Oct/2023:23:30:08 +0000] "POST /api/users/register HTTP/1.1" 404 158 "-" "PostmanRuntime/7.33.0"

[32minfo[39m: ::1 - - [21/Oct/2023:23:30:31 +0000] "POST /api/users/register HTTP/1.1" 500 33 "-" "PostmanRuntime/7.33.0"

[32minfo[39m: ::1 - - [21/Oct/2023:23:31:43 +0000] "POST /api/users/register HTTP/1.1" 500 33 "-" "PostmanRuntime/7.33.0"

[32minfo[39m: ::1 - - [21/Oct/2023:23:33:24 +0000] "POST /api/users/register HTTP/1.1" 500 33 "-" "PostmanRuntime/7.33.0"

[32minfo[39m: ::1 - - [21/Oct/2023:23:39:31 +0000] "POST /api/users/register HTTP/1.1" 500 33 "-" "PostmanRuntime/7.33.0"

[32minfo[39m: ::1 - - [21/Oct/2023:23:47:22 +0000] "POST /api/users/register HTTP/1.1" 500 33 "-" "PostmanRuntime/7.33.0"

[32minfo[39m: ::1 - - [21/Oct/2023:23:47:39 +0000] "POST /api/users/register HTTP/1.1" 500 33 "-" "PostmanRuntime/7.33.0"

[32minfo[39m: ::1 - - [21/Oct/2023:23:49:07 +0000] "POST /api/users/register HTTP/1.1" 500 33 "-" "PostmanRuntime/7.33.0"

[32minfo[39m: ::1 - - [21/Oct/2023:23:49:20 +0000] "POST /api/users/register HTTP/1.1" 500 33 "-" "PostmanRuntime/7.33.0"

[32minfo[39m: ::1 - - [21/Oct/2023:23:53:42 +0000] "POST /api/users/register HTTP/1.1" 500 33 "-" "PostmanRuntime/7.33.0"

[32minfo[39m: ::1 - - [21/Oct/2023:23:58:16 +0000] "POST /api/users/register HTTP/1.1" 500 33 "-" "PostmanRuntime/7.33.0"

[32minfo[39m: ::1 - - [22/Oct/2023:00:00:47 +0000] "POST /api/users/register HTTP/1.1" 500 33 "-" "PostmanRuntime/7.33.0"

[32minfo[39m: ::1 - - [22/Oct/2023:00:01:37 +0000] "POST /api/users/register HTTP/1.1" 500 33 "-" "PostmanRuntime/7.33.0"

[32minfo[39m: ::1 - - [22/Oct/2023:12:12:20 +0000] "POST /api/users/register HTTP/1.1" 500 33 "-" "PostmanRuntime/7.34.0"

[32minfo[39m: ::1 - - [22/Oct/2023:12:17:03 +0000] "POST /api/users/register HTTP/1.1" 500 33 "-" "PostmanRuntime/7.34.0"

[32minfo[39m: ::1 - - [22/Oct/2023:12:29:13 +0000] "POST /api/users/register HTTP/1.1" 201 228 "-" "PostmanRuntime/7.34.0"

[32minfo[39m: ::1 - - [22/Oct/2023:18:16:08 +0000] "POST /api/users/login HTTP/1.1" 500 33 "-" "PostmanRuntime/7.34.0"

[32minfo[39m: ::1 - - [22/Oct/2023:19:07:01 +0000] "POST /api/users/login HTTP/1.1" 200 175 "-" "PostmanRuntime/7.34.0"

[32minfo[39m: ::1 - - [22/Oct/2023:19:08:21 +0000] "GET /api/users/profile HTTP/1.1" 200 154 "-" "PostmanRuntime/7.34.0"

[32minfo[39m: ::1 - - [22/Oct/2023:19:09:41 +0000] "PUT /api/users/profile HTTP/1.1" 500 33 "-" "PostmanRuntime/7.34.0"

[32minfo[39m: ::1 - - [22/Oct/2023:19:11:11 +0000] "PUT /api/users/profile HTTP/1.1" 500 33 "-" "PostmanRuntime/7.34.0"

[32minfo[39m: ::1 - - [22/Oct/2023:19:13:32 +0000] "PUT /api/users/profile HTTP/1.1" 500 33 "-" "PostmanRuntime/7.34.0"

[32minfo[39m: ::1 - - [22/Oct/2023:19:16:29 +0000] "PUT /api/users/profile HTTP/1.1" 200 3 "-" "PostmanRuntime/7.34.0"

[32minfo[39m: ::1 - - [22/Oct/2023:19:18:33 +0000] "GET /api/users/gdpr?x-auth-token=eyJhbGciOiJIUzI1NiIsInR5cCI6IkpXVCJ9.eyJpZCI6MTQsInJvbGUiOiJjdXN0b21lciIsImlhdCI6MTY5ODAwMTYyMSwiZXhwIjoxNjk4MDA1MjIxfQ.bCGCcYSVjJDBoGaaIJq8W3PRFDPJJTw0xr6EadD24oI HTTP/1.1" 404 153 "-" "PostmanRuntime/7.34.0"

[32minfo[39m: ::1 - - [22/Oct/2023:19:19:05 +0000] "POST /api/users/login HTTP/1.1" 401 31 "-" "PostmanRuntime/7.34.0"

[32minfo[39m: ::1 - - [22/Oct/2023:19:19:48 +0000] "POST /api/users/login HTTP/1.1" 400 36 "-" "PostmanRuntime/7.34.0"

[32minfo[39m: ::1 - - [22/Oct/2023:19:20:16 +0000] "POST /api/users/login HTTP/1.1" 200 175 "-" "PostmanRuntime/7.34.0"

[32minfo[39m: ::1 - - [22/Oct/2023:19:21:21 +0000] "PUT /api/users/profile HTTP/1.1" 200 3 "-" "PostmanRuntime/7.34.0"

[32minfo[39m: ::1 - - [22/Oct/2023:19:21:41 +0000] "POST /api/users/login HTTP/1.1" 200 175 "-" "PostmanRuntime/7.34.0"

[32minfo[39m: ::1 - - [22/Oct/2023:19:22:28 +0000] "GET /api/users/gdpr?x-auth-token=eyJhbGciOiJIUzI1NiIsInR5cCI6IkpXVCJ9.eyJpZCI6MTQsInJvbGUiOiJjdXN0b21lciIsImlhdCI6MTY5ODAwMTYyMSwiZXhwIjoxNjk4MDA1MjIxfQ.bCGCcYSVjJDBoGaaIJq8W3PRFDPJJTw0xr6EadD24oI HTTP/1.1" 404 153 "-" "PostmanRuntime/7.34.0"

[32minfo[39m: ::1 - - [22/Oct/2023:19:26:21 +0000] "POST /api/shops HTTP/1.1" 401 45 "-" "PostmanRuntime/7.34.0"

[32minfo[39m: ::1 - - [22/Oct/2023:19:27:02 +0000] "POST /api/shops HTTP/1.1" 403 25 "-" "PostmanRuntime/7.34.0"

[32minfo[39m: ::1 - - [22/Oct/2023:19:29:00 +0000] "POST /api/users/login HTTP/1.1" 200 179 "-" "PostmanRuntime/7.34.0"

[32minfo[39m: ::1 - - [22/Oct/2023:19:29:13 +0000] "POST /api/shops HTTP/1.1" 500 33 "-" "PostmanRuntime/7.34.0"

[32minfo[39m: ::1 - - [22/Oct/2023:19:30:56 +0000] "POST /api/shops HTTP/1.1" 201 141 "-" "PostmanRuntime/7.34.0"

[32minfo[39m: ::1 - - [22/Oct/2023:19:32:10 +0000] "GET /api/shops?x-auth-token=eyJhbGciOiJIUzI1NiIsInR5cCI6IkpXVCJ9.eyJpZCI6MTMsInJvbGUiOiJzeXN0ZW1BZG1pbiIsImlhdCI6MTY5ODAwMjk0MCwiZXhwIjoxNjk4MDA2NTQwfQ.Tz0HkKsijtiwYSGbdKRxd8886tHiW7w5TSbuAiVjvDw HTTP/1.1" 500 33 "-" "PostmanRuntime/7.34.0"

[32minfo[39m: ::1 - - [22/Oct/2023:19:38:32 +0000] "GET /api/shops/%7B11%7D?x-auth-token=eyJhbGciOiJIUzI1NiIsInR5cCI6IkpXVCJ9.eyJpZCI6MTMsInJvbGUiOiJzeXN0ZW1BZG1pbiIsImlhdCI6MTY5ODAwMjk0MCwiZXhwIjoxNjk4MDA2NTQwfQ.Tz0HkKsijtiwYSGbdKRxd8886tHiW7w5TSbuAiVjvDw HTTP/1.1" 500 33 "-" "PostmanRuntime/7.34.0"

[32minfo[39m: ::1 - - [22/Oct/2023:19:38:49 +0000] "GET /api/shops/11?x-auth-token=eyJhbGciOiJIUzI1NiIsInR5cCI6IkpXVCJ9.eyJpZCI6MTMsInJvbGUiOiJzeXN0ZW1BZG1pbiIsImlhdCI6MTY5ODAwMjk0MCwiZXhwIjoxNjk4MDA2NTQwfQ.Tz0HkKsijtiwYSGbdKRxd8886tHiW7w5TSbuAiVjvDw HTTP/1.1" 500 33 "-" "PostmanRuntime/7.34.0"

[32minfo[39m: ::1 - - [22/Oct/2023:22:05:53 +0000] "POST /api/users/login HTTP/1.1" 200 179 "-" "PostmanRuntime/7.34.0"

[32minfo[39m: ::1 - - [22/Oct/2023:22:06:09 +0000] "GET /api/shops?x-auth-token=eyJhbGciOiJIUzI1NiIsInR5cCI6IkpXVCJ9.eyJpZCI6MTMsInJvbGUiOiJzeXN0ZW1BZG1pbiIsImlhdCI6MTY5ODAxMjM1MywiZXhwIjoxNjk4MDE1OTUzfQ.azOM1kyzKswlr2d-j_eyfh5PiMnJCagzjOYlCM1YSdk HTTP/1.1" 500 33 "-" "PostmanRuntime/7.34.0"

[32minfo[39m: ::1 - - [22/Oct/2023:22:13:35 +0000] "GET /api/shops?x-auth-token=eyJhbGciOiJIUzI1NiIsInR5cCI6IkpXVCJ9.eyJpZCI6MTMsInJvbGUiOiJzeXN0ZW1BZG1pbiIsImlhdCI6MTY5ODAxMjM1MywiZXhwIjoxNjk4MDE1OTUzfQ.azOM1kyzKswlr2d-j_eyfh5PiMnJCagzjOYlCM1YSdk HTTP/1.1" 500 33 "-" "PostmanRuntime/7.34.0"

[32minfo[39m: ::1 - - [22/Oct/2023:22:13:54 +0000] "GET /api/shops HTTP/1.1" 500 33 "-" "PostmanRuntime/7.34.0"

[32minfo[39m: ::1 - - [22/Oct/2023:22:15:51 +0000] "GET /api/shops HTTP/1.1" 500 33 "-" "PostmanRuntime/7.34.0"

[32minfo[39m: ::1 - - [22/Oct/2023:22:16:32 +0000] "GET /api/shops HTTP/1.1" 500 33 "-" "PostmanRuntime/7.34.0"

[32minfo[39m: ::1 - - [22/Oct/2023:22:17:22 +0000] "GET /api/shops HTTP/1.1" 500 33 "-" "PostmanRuntime/7.34.0"

[32minfo[39m: ::1 - - [22/Oct/2023:22:19:14 +0000] "GET /api/shops HTTP/1.1" 500 33 "-" "PostmanRuntime/7.34.0"

[32minfo[39m: ::1 - - [22/Oct/2023:22:24:25 +0000] "GET /api/shops HTTP/1.1" 500 33 "-" "PostmanRuntime/7.34.0"

[32minfo[39m: ::1 - - [22/Oct/2023:22:24:44 +0000] "GET /api/shops HTTP/1.1" 500 33 "-" "PostmanRuntime/7.34.0"

[32minfo[39m: ::1 - - [22/Oct/2023:22:30:12 +0000] "POST /api/users/login HTTP/1.1" 200 176 "-" "PostmanRuntime/7.34.0"

[32minfo[39m: ::1 - - [22/Oct/2023:22:30:51 +0000] "POST /api/products?x-auth-token=eyJhbGciOiJIUzI1NiIsInR5cCI6IkpXVCJ9.eyJpZCI6MTEsInJvbGUiOiJzaG9wQWRtaW4iLCJpYXQiOjE2OTgwMTM4MTIsImV4cCI6MTY5ODAxNzQxMn0.8ICHrZZOxAKpHBiaCJ25Xu6nOTpQ7_WOikahpb1_W9g HTTP/1.1" 401 45 "-" "PostmanRuntime/7.34.0"

[32minfo[39m: ::1 - - [22/Oct/2023:22:32:09 +0000] "POST /api/users/login HTTP/1.1" 200 176 "-" "PostmanRuntime/7.34.0"

[32minfo[39m: ::1 - - [22/Oct/2023:22:32:23 +0000] "POST /api/products?x-auth-token=eyJhbGciOiJIUzI1NiIsInR5cCI6IkpXVCJ9.eyJpZCI6MTEsInJvbGUiOiJzaG9wQWRtaW4iLCJpYXQiOjE2OTgwMTM5MjksImV4cCI6MTY5ODAxNzUyOX0.wglpUotMXYEjRWkS_vIh2C87jz0cx9NU5bOVY1ecsfI HTTP/1.1" 401 45 "-" "PostmanRuntime/7.34.0"

[32minfo[39m: ::1 - - [22/Oct/2023:22:34:08 +0000] "POST /api/users/login HTTP/1.1" 200 179 "-" "PostmanRuntime/7.34.0"

[32minfo[39m: ::1 - - [22/Oct/2023:22:34:25 +0000] "POST /api/products?x-auth-token=eyJhbGciOiJIUzI1NiIsInR5cCI6IkpXVCJ9.eyJpZCI6MTMsInJvbGUiOiJzeXN0ZW1BZG1pbiIsImlhdCI6MTY5ODAxNDA0OCwiZXhwIjoxNjk4MDE3NjQ4fQ.Z_NiIWemZChzTp6UG0F9rCpQ7n42Duy3uYpgqNg3iRA HTTP/1.1" 401 45 "-" "PostmanRuntime/7.34.0"

[32minfo[39m: ::1 - - [22/Oct/2023:22:35:55 +0000] "POST /api/users/login HTTP/1.1" 200 171 "-" "PostmanRuntime/7.34.0"

[32minfo[39m: ::1 - - [22/Oct/2023:22:35:59 +0000] "POST /api/users/login HTTP/1.1" 200 171 "-" "PostmanRuntime/7.34.0"

[32minfo[39m: ::1 - - [22/Oct/2023:22:36:16 +0000] "POST /api/products?x-auth-token=eyJhbGciOiJIUzI1NiIsInR5cCI6IkpXVCJ9.eyJpZCI6MTAsInJvbGUiOiJhZG1pbiIsImlhdCI6MTY5ODAxNDE1OSwiZXhwIjoxNjk4MDE3NzU5fQ.x1Hpwbk33wEhz7njF7PGRRZXcIp8H0_fTu5OH9KVHxg HTTP/1.1" 401 45 "-" "PostmanRuntime/7.34.0"

[32minfo[39m: ::1 - - [22/Oct/2023:22:37:53 +0000] "POST /api/products?x-auth-token=eyJhbGciOiJIUzI1NiIsInR5cCI6IkpXVCJ9.eyJpZCI6MTAsInJvbGUiOiJhZG1pbiIsImlhdCI6MTY5ODAxNDE1OSwiZXhwIjoxNjk4MDE3NzU5fQ.x1Hpwbk33wEhz7njF7PGRRZXcIp8H0_fTu5OH9KVHxg HTTP/1.1" 401 45 "-" "PostmanRuntime/7.34.0"

[32minfo[39m: ::1 - - [22/Oct/2023:22:37:55 +0000] "POST /api/products?x-auth-token=eyJhbGciOiJIUzI1NiIsInR5cCI6IkpXVCJ9.eyJpZCI6MTAsInJvbGUiOiJhZG1pbiIsImlhdCI6MTY5ODAxNDE1OSwiZXhwIjoxNjk4MDE3NzU5fQ.x1Hpwbk33wEhz7njF7PGRRZXcIp8H0_fTu5OH9KVHxg HTTP/1.1" 401 45 "-" "PostmanRuntime/7.34.0"

[32minfo[39m: ::1 - - [22/Oct/2023:22:37:57 +0000] "POST /api/products?x-auth-token=eyJhbGciOiJIUzI1NiIsInR5cCI6IkpXVCJ9.eyJpZCI6MTAsInJvbGUiOiJhZG1pbiIsImlhdCI6MTY5ODAxNDE1OSwiZXhwIjoxNjk4MDE3NzU5fQ.x1Hpwbk33wEhz7njF7PGRRZXcIp8H0_fTu5OH9KVHxg HTTP/1.1" 401 45 "-" "PostmanRuntime/7.34.0"

[32minfo[39m: ::1 - - [22/Oct/2023:22:38:21 +0000] "POST /api/products?x-auth-token=eyJhbGciOiJIUzI1NiIsInR5cCI6IkpXVCJ9.eyJpZCI6MTAsInJvbGUiOiJhZG1pbiIsImlhdCI6MTY5ODAxNDE1OSwiZXhwIjoxNjk4MDE3NzU5fQ.x1Hpwbk33wEhz7njF7PGRRZXcIp8H0_fTu5OH9KVHxg HTTP/1.1" 403 25 "-" "PostmanRuntime/7.34.0"

[32minfo[39m: ::1 - - [22/Oct/2023:22:39:12 +0000] "POST /api/products HTTP/1.1" 403 25 "-" "PostmanRuntime/7.34.0"

[32minfo[39m: ::1 - - [22/Oct/2023:22:39:21 +0000] "POST /api/products?x-auth-token=eyJhbGciOiJIUzI1NiIsInR5cCI6IkpXVCJ9.eyJpZCI6MTAsInJvbGUiOiJhZG1pbiIsImlhdCI6MTY5ODAxNDE1OSwiZXhwIjoxNjk4MDE3NzU5fQ.x1Hpwbk33wEhz7njF7PGRRZXcIp8H0_fTu5OH9KVHxg HTTP/1.1" 403 25 "-" "PostmanRuntime/7.34.0"

[32minfo[39m: ::1 - - [22/Oct/2023:22:39:35 +0000] "POST /api/users/login HTTP/1.1" 200 176 "-" "PostmanRuntime/7.34.0"

[32minfo[39m: ::1 - - [22/Oct/2023:22:39:49 +0000] "POST /api/products?x-auth-token=eyJhbGciOiJIUzI1NiIsInR5cCI6IkpXVCJ9.eyJpZCI6MTEsInJvbGUiOiJzaG9wQWRtaW4iLCJpYXQiOjE2OTgwMTQzNzUsImV4cCI6MTY5ODAxNzk3NX0.TJd2ibNUmDY9FfbZ7gkZJc6iIJlMBbVfA3Ea1j-KKvI HTTP/1.1" 403 25 "-" "PostmanRuntime/7.34.0"

[32minfo[39m: ::1 - - [22/Oct/2023:22:40:43 +0000] "POST /api/products?x-auth-token=eyJhbGciOiJIUzI1NiIsInR5cCI6IkpXVCJ9.eyJpZCI6MTEsInJvbGUiOiJzaG9wQWRtaW4iLCJpYXQiOjE2OTgwMTQzNzUsImV4cCI6MTY5ODAxNzk3NX0.TJd2ibNUmDY9FfbZ7gkZJc6iIJlMBbVfA3Ea1j-KKvI HTTP/1.1" 500 33 "-" "PostmanRuntime/7.34.0"

[32minfo[39m: ::1 - - [22/Oct/2023:22:41:39 +0000] "POST /api/products?x-auth-token=eyJhbGciOiJIUzI1NiIsInR5cCI6IkpXVCJ9.eyJpZCI6MTEsInJvbGUiOiJzaG9wQWRtaW4iLCJpYXQiOjE2OTgwMTQzNzUsImV4cCI6MTY5ODAxNzk3NX0.TJd2ibNUmDY9FfbZ7gkZJc6iIJlMBbVfA3Ea1j-KKvI HTTP/1.1" 500 33 "-" "PostmanRuntime/7.34.0"

[32minfo[39m: ::1 - - [22/Oct/2023:22:42:28 +0000] "POST /api/products?x-auth-token=eyJhbGciOiJIUzI1NiIsInR5cCI6IkpXVCJ9.eyJpZCI6MTEsInJvbGUiOiJzaG9wQWRtaW4iLCJpYXQiOjE2OTgwMTQzNzUsImV4cCI6MTY5ODAxNzk3NX0.TJd2ibNUmDY9FfbZ7gkZJc6iIJlMBbVfA3Ea1j-KKvI HTTP/1.1" 500 33 "-" "PostmanRuntime/7.34.0"

[32minfo[39m: ::1 - - [22/Oct/2023:22:43:18 +0000] "POST /api/products?x-auth-token=eyJhbGciOiJIUzI1NiIsInR5cCI6IkpXVCJ9.eyJpZCI6MTEsInJvbGUiOiJzaG9wQWRtaW4iLCJpYXQiOjE2OTgwMTQzNzUsImV4cCI6MTY5ODAxNzk3NX0.TJd2ibNUmDY9FfbZ7gkZJc6iIJlMBbVfA3Ea1j-KKvI HTTP/1.1" 500 33 "-" "PostmanRuntime/7.34.0"

[32minfo[39m: ::1 - - [22/Oct/2023:22:43:56 +0000] "POST /api/products?x-auth-token=eyJhbGciOiJIUzI1NiIsInR5cCI6IkpXVCJ9.eyJpZCI6MTEsInJvbGUiOiJzaG9wQWRtaW4iLCJpYXQiOjE2OTgwMTQzNzUsImV4cCI6MTY5ODAxNzk3NX0.TJd2ibNUmDY9FfbZ7gkZJc6iIJlMBbVfA3Ea1j-KKvI HTTP/1.1" 201 170 "-" "PostmanRuntime/7.34.0"

[32minfo[39m: ::1 - - [22/Oct/2023:22:44:10 +0000] "GET /api/products HTTP/1.1" 500 33 "-" "PostmanRuntime/7.34.0"

[32minfo[39m: ::1 - - [22/Oct/2023:22:46:00 +0000] "GET /api/products HTTP/1.1" 500 33 "-" "PostmanRuntime/7.34.0"

[32minfo[39m: ::1 - - [22/Oct/2023:22:48:07 +0000] "GET /api/products HTTP/1.1" 200 559 "-" "PostmanRuntime/7.34.0"

[32minfo[39m: ::1 - - [22/Oct/2023:22:50:16 +0000] "POST /api/products/%7B9%7D/add-to-cart HTTP/1.1" 500 33 "-" "PostmanRuntime/7.34.0"

[32minfo[39m: ::1 - - [22/Oct/2023:22:50:29 +0000] "POST /api/products/9/add-to-cart HTTP/1.1" 500 33 "-" "PostmanRuntime/7.34.0"

[32minfo[39m: ::1 - - [22/Oct/2023:22:53:46 +0000] "POST /api/products/9/add-to-cart HTTP/1.1" 500 33 "-" "PostmanRuntime/7.34.0"

[32minfo[39m: ::1 - - [22/Oct/2023:22:55:55 +0000] "POST /api/products/9/add-to-cart HTTP/1.1" 500 33 "-" "PostmanRuntime/7.34.0"

[32minfo[39m: ::1 - - [22/Oct/2023:22:56:51 +0000] "POST /api/products/9/add-to-cart HTTP/1.1" 500 33 "-" "PostmanRuntime/7.34.0"

[32minfo[39m: ::1 - - [22/Oct/2023:22:59:40 +0000] "POST /api/products/9/add-to-cart HTTP/1.1" 500 33 "-" "PostmanRuntime/7.34.0"

[32minfo[39m: ::1 - - [22/Oct/2023:22:59:56 +0000] "POST /api/products/9/add-to-cart HTTP/1.1" 500 33 "-" "PostmanRuntime/7.34.0"

[32minfo[39m: ::1 - - [23/Oct/2023:12:15:19 +0000] "POST /api/users/login HTTP/1.1" 200 176 "-" "PostmanRuntime/7.34.0"

[32minfo[39m: ::1 - - [23/Oct/2023:12:15:52 +0000] "POST /api/products?x-auth-token=eyJhbGciOiJIUzI1NiIsInR5cCI6IkpXVCJ9.eyJpZCI6MTEsInJvbGUiOiJzaG9wQWRtaW4iLCJpYXQiOjE2OTgwNjMzMTksImV4cCI6MTY5ODA2NjkxOX0.cH7HO-qZPJTwaNbXVAQ8H81S497Bq_H4JTy1RDhf9tc HTTP/1.1" 401 45 "-" "PostmanRuntime/7.34.0"

[32minfo[39m: ::1 - - [23/Oct/2023:12:16:53 +0000] "POST /api/products?x-auth-token=eyJhbGciOiJIUzI1NiIsInR5cCI6IkpXVCJ9.eyJpZCI6MTEsInJvbGUiOiJzaG9wQWRtaW4iLCJpYXQiOjE2OTgwNjMzMTksImV4cCI6MTY5ODA2NjkxOX0.cH7HO-qZPJTwaNbXVAQ8H81S497Bq_H4JTy1RDhf9tc HTTP/1.1" 401 45 "-" "PostmanRuntime/7.34.0"

[32minfo[39m: ::1 - - [23/Oct/2023:12:17:32 +0000] "POST /api/users/login HTTP/1.1" 200 176 "-" "PostmanRuntime/7.34.0"

[32minfo[39m: ::1 - - [23/Oct/2023:12:18:52 +0000] "POST /api/products?x-auth-token=%22token%22:%20%22eyJhbGciOiJIUzI1NiIsInR5cCI6IkpXVCJ9.eyJpZCI6MTEsInJvbGUiOiJzaG9wQWRtaW4iLCJpYXQiOjE2OTgwNjM0NTIsImV4cCI6MTY5ODA2NzA1Mn0.ARoqrm22K-kUmIOtltKFZ2vGQ-I67kAyfaqSCE6uaPQ%22 HTTP/1.1" 401 45 "-" "PostmanRuntime/7.34.0"

[32minfo[39m: ::1 - - [23/Oct/2023:12:19:19 +0000] "POST /api/products?x-auth-token=%22eyJhbGciOiJIUzI1NiIsInR5cCI6IkpXVCJ9.eyJpZCI6MTEsInJvbGUiOiJzaG9wQWRtaW4iLCJpYXQiOjE2OTgwNjM0NTIsImV4cCI6MTY5ODA2NzA1Mn0.ARoqrm22K-kUmIOtltKFZ2vGQ-I67kAyfaqSCE6uaPQ%22 HTTP/1.1" 401 45 "-" "PostmanRuntime/7.34.0"

[32minfo[39m: ::1 - - [23/Oct/2023:12:21:26 +0000] "POST /api/products?x-auth-token=eyJhbGciOiJIUzI1NiIsInR5cCI6IkpXVCJ9.eyJpZCI6MTEsInJvbGUiOiJzaG9wQWRtaW4iLCJpYXQiOjE2OTgwNjM0NTIsImV4cCI6MTY5ODA2NzA1Mn0.ARoqrm22K-kUmIOtltKFZ2vGQ-I67kAyfaqSCE6uaPQ HTTP/1.1" 401 45 "-" "PostmanRuntime/7.34.0"

